<?xml version="1.0" encoding="UTF-8"?>
<robot generator="Robot 3.2.1 (Python 3.7.7 on darwin)" generated="20210616 10:03:22.918" rpa="false">
<suite id="s1" name="Datshoppinglist" source="/Users/parinitakhond1/datshoppinglist">
<suite id="s1-s1" name="Workflows" source="/Users/parinitakhond1/datshoppinglist/workflows">
<suite id="s1-s1-s1" name="Test Datshoppingtc1" source="/Users/parinitakhond1/datshoppinglist/workflows/test_datshoppingtc1.robot">
<test id="s1-s1-s1-t1" name="testcase 01 createlist">
<kw name="launchbrowser">
<kw name="Open Browser" library="SeleniumLibrary">
<doc>Opens a new browser instance to the optional ``url``.</doc>
<arguments>
<arg>${url}</arg>
<arg>${browser}</arg>
</arguments>
<msg timestamp="20210616 10:03:23.420" level="INFO">Opening browser 'chrome' to base url 'http://localhost:5000'.</msg>
<status status="PASS" starttime="20210616 10:03:23.419" endtime="20210616 10:03:28.977"></status>
</kw>
<kw name="Maximize Browser Window" library="SeleniumLibrary">
<doc>Maximizes current browser window.</doc>
<status status="PASS" starttime="20210616 10:03:28.978" endtime="20210616 10:03:29.221"></status>
</kw>
<kw name="Set Selenium Speed" library="SeleniumLibrary">
<doc>Sets the delay that is waited after each Selenium command.</doc>
<arguments>
<arg>2seconds</arg>
</arguments>
<status status="PASS" starttime="20210616 10:03:29.221" endtime="20210616 10:03:29.222"></status>
</kw>
<status status="PASS" starttime="20210616 10:03:23.418" endtime="20210616 10:03:29.223"></status>
</kw>
<kw name="verifyhomepage">
<kw name="Element Should Be Visible" library="SeleniumLibrary">
<doc>Verifies that the element identified by ``locator`` is visible.</doc>
<arguments>
<arg>//body/nav[1]/a[1]/span[1]</arg>
</arguments>
<msg timestamp="20210616 10:03:33.280" level="INFO">Element '//body/nav[1]/a[1]/span[1]' is displayed.</msg>
<status status="PASS" starttime="20210616 10:03:29.226" endtime="20210616 10:03:33.281"></status>
</kw>
<status status="PASS" starttime="20210616 10:03:29.224" endtime="20210616 10:03:33.281"></status>
</kw>
<kw name="create New shoppinglist">
<kw name="Click Element" library="SeleniumLibrary">
<doc>Click the element identified by ``locator``.</doc>
<arguments>
<arg>//button[contains(text(),'Create a new Shopping List')]</arg>
</arguments>
<msg timestamp="20210616 10:03:33.284" level="INFO">Clicking element '//button[contains(text(),'Create a new Shopping List')]'.</msg>
<status status="PASS" starttime="20210616 10:03:33.283" endtime="20210616 10:03:37.392"></status>
</kw>
<kw name="Element Should Be Visible" library="SeleniumLibrary">
<doc>Verifies that the element identified by ``locator`` is visible.</doc>
<arguments>
<arg>//h2[contains(text(),'Enter a name for your new shopping list')]</arg>
</arguments>
<msg timestamp="20210616 10:03:41.423" level="INFO">Element '//h2[contains(text(),'Enter a name for your new shopping list')]' is displayed.</msg>
<status status="PASS" starttime="20210616 10:03:37.392" endtime="20210616 10:03:41.424"></status>
</kw>
<kw name="Input Text" library="SeleniumLibrary">
<doc>Types the given ``text`` into the text field identified by ``locator``.</doc>
<arguments>
<arg>//body/div[1]/form[1]/input[1]</arg>
<arg>Grocery</arg>
</arguments>
<msg timestamp="20210616 10:03:41.426" level="INFO">Typing text 'Grocery' into text field '//body/div[1]/form[1]/input[1]'.</msg>
<status status="PASS" starttime="20210616 10:03:41.424" endtime="20210616 10:03:47.559"></status>
</kw>
<kw name="Click Element" library="SeleniumLibrary">
<doc>Click the element identified by ``locator``.</doc>
<arguments>
<arg>//body/div[1]/form[1]/p[1]/input[1]</arg>
</arguments>
<msg timestamp="20210616 10:03:47.562" level="INFO">Clicking element '//body/div[1]/form[1]/p[1]/input[1]'.</msg>
<status status="PASS" starttime="20210616 10:03:47.560" endtime="20210616 10:03:51.666"></status>
</kw>
<kw name="Element Should Be Visible" library="SeleniumLibrary">
<doc>Verifies that the element identified by ``locator`` is visible.</doc>
<arguments>
<arg>//h1[contains(text(),'Grocery')]</arg>
</arguments>
<msg timestamp="20210616 10:03:55.703" level="INFO">Element '//h1[contains(text(),'Grocery')]' is displayed.</msg>
<status status="PASS" starttime="20210616 10:03:51.667" endtime="20210616 10:03:55.703"></status>
</kw>
<status status="PASS" starttime="20210616 10:03:33.282" endtime="20210616 10:03:55.704"></status>
</kw>
<kw name="Add Item to list">
<kw name="Input Text" library="SeleniumLibrary">
<doc>Types the given ``text`` into the text field identified by ``locator``.</doc>
<arguments>
<arg>//body/section[1]/div[1]/ul[1]/li[8]/form[1]/input[1]</arg>
<arg>Apple</arg>
</arguments>
<msg timestamp="20210616 10:03:55.709" level="INFO">Typing text 'Apple' into text field '//body/section[1]/div[1]/ul[1]/li[8]/form[1]/input[1]'.</msg>
<status status="PASS" starttime="20210616 10:03:55.708" endtime="20210616 10:04:01.823"></status>
</kw>
<kw name="Click Element" library="SeleniumLibrary">
<doc>Click the element identified by ``locator``.</doc>
<arguments>
<arg>//body/section[1]/div[1]/ul[1]/li[8]/form[1]/input[2]</arg>
</arguments>
<msg timestamp="20210616 10:04:01.824" level="INFO">Clicking element '//body/section[1]/div[1]/ul[1]/li[8]/form[1]/input[2]'.</msg>
<status status="PASS" starttime="20210616 10:04:01.823" endtime="20210616 10:04:05.897"></status>
</kw>
<status status="PASS" starttime="20210616 10:03:55.705" endtime="20210616 10:04:05.898"></status>
</kw>
<kw name="Delete item from list">
<kw name="Click Element" library="SeleniumLibrary">
<doc>Click the element identified by ``locator``.</doc>
<arguments>
<arg>//body/section[1]/div[1]/ul[1]/li[6]/div[2]</arg>
</arguments>
<msg timestamp="20210616 10:04:05.900" level="INFO">Clicking element '//body/section[1]/div[1]/ul[1]/li[6]/div[2]'.</msg>
<status status="PASS" starttime="20210616 10:04:05.900" endtime="20210616 10:04:09.966"></status>
</kw>
<status status="PASS" starttime="20210616 10:04:05.898" endtime="20210616 10:04:09.967"></status>
</kw>
<kw name="kill browser">
<kw name="Close Browser" library="SeleniumLibrary">
<doc>Closes the current browser.</doc>
<status status="PASS" starttime="20210616 10:04:09.969" endtime="20210616 10:04:12.054"></status>
</kw>
<status status="PASS" starttime="20210616 10:04:09.967" endtime="20210616 10:04:12.055"></status>
</kw>
<status status="PASS" starttime="20210616 10:03:23.417" endtime="20210616 10:04:12.056" critical="yes"></status>
</test>
<status status="PASS" starttime="20210616 10:03:23.111" endtime="20210616 10:04:12.060"></status>
</suite>
<status status="PASS" starttime="20210616 10:03:23.102" endtime="20210616 10:04:12.066"></status>
</suite>
<status status="PASS" starttime="20210616 10:03:23.060" endtime="20210616 10:04:12.073"></status>
</suite>
<statistics>
<total>
<stat pass="1" fail="0">Critical Tests</stat>
<stat pass="1" fail="0">All Tests</stat>
</total>
<tag>
</tag>
<suite>
<stat pass="1" fail="0" id="s1" name="Datshoppinglist">Datshoppinglist</stat>
<stat pass="1" fail="0" id="s1-s1" name="Workflows">Datshoppinglist.Workflows</stat>
<stat pass="1" fail="0" id="s1-s1-s1" name="Test Datshoppingtc1">Datshoppinglist.Workflows.Test Datshoppingtc1</stat>
</suite>
</statistics>
<errors>
</errors>
</robot>
