<?xml version="1.0" encoding="UTF-8"?>
<robot generator="Robot 3.2.1 (Python 3.7.7 on darwin)" generated="20210616 07:26:28.028" rpa="false">
<suite id="s1" name="Cybersmarttest" source="/Users/parinitakhond1/RobotFramework/Cybersmarttest">
<suite id="s1-s1" name="Workflows" source="/Users/parinitakhond1/RobotFramework/Cybersmarttest/workflows">
<suite id="s1-s1-s1" name="Test Datshoppingtc1" source="/Users/parinitakhond1/RobotFramework/Cybersmarttest/workflows/test_datshoppingtc1.robot">
<test id="s1-s1-s1-t1" name="testcase 01 createlist">
<kw name="launchbrowser">
<kw name="Open Browser" library="SeleniumLibrary">
<doc>Opens a new browser instance to the optional ``url``.</doc>
<arguments>
<arg>${url}</arg>
<arg>${browser}</arg>
</arguments>
<msg timestamp="20210616 07:26:28.348" level="INFO">Opening browser 'chrome' to base url 'http://localhost:5000'.</msg>
<status status="PASS" starttime="20210616 07:26:28.347" endtime="20210616 07:26:33.550"></status>
</kw>
<kw name="Maximize Browser Window" library="SeleniumLibrary">
<doc>Maximizes current browser window.</doc>
<status status="PASS" starttime="20210616 07:26:33.551" endtime="20210616 07:26:33.764"></status>
</kw>
<kw name="Set Selenium Speed" library="SeleniumLibrary">
<doc>Sets the delay that is waited after each Selenium command.</doc>
<arguments>
<arg>2seconds</arg>
</arguments>
<status status="PASS" starttime="20210616 07:26:33.764" endtime="20210616 07:26:33.765"></status>
</kw>
<status status="PASS" starttime="20210616 07:26:28.347" endtime="20210616 07:26:33.766"></status>
</kw>
<kw name="verifyhomepage">
<kw name="Element Should Be Visible" library="SeleniumLibrary">
<doc>Verifies that the element identified by ``locator`` is visible.</doc>
<arguments>
<arg>//body/nav[1]/a[1]/span[1]</arg>
</arguments>
<msg timestamp="20210616 07:26:37.827" level="INFO">Element '//body/nav[1]/a[1]/span[1]' is displayed.</msg>
<status status="PASS" starttime="20210616 07:26:33.767" endtime="20210616 07:26:37.828"></status>
</kw>
<status status="PASS" starttime="20210616 07:26:33.766" endtime="20210616 07:26:37.828"></status>
</kw>
<kw name="create New shoppinglist">
<kw name="Click Element" library="SeleniumLibrary">
<doc>Click the element identified by ``locator``.</doc>
<arguments>
<arg>//button[contains(text(),'Create a new Shopping List')]</arg>
</arguments>
<msg timestamp="20210616 07:26:37.831" level="INFO">Clicking element '//button[contains(text(),'Create a new Shopping List')]'.</msg>
<status status="PASS" starttime="20210616 07:26:37.830" endtime="20210616 07:26:41.939"></status>
</kw>
<kw name="Element Should Be Visible" library="SeleniumLibrary">
<doc>Verifies that the element identified by ``locator`` is visible.</doc>
<arguments>
<arg>//h2[contains(text(),'Enter a name for your new shopping list')]</arg>
</arguments>
<msg timestamp="20210616 07:26:45.973" level="INFO">Element '//h2[contains(text(),'Enter a name for your new shopping list')]' is displayed.</msg>
<status status="PASS" starttime="20210616 07:26:41.940" endtime="20210616 07:26:45.974"></status>
</kw>
<kw name="Input Text" library="SeleniumLibrary">
<doc>Types the given ``text`` into the text field identified by ``locator``.</doc>
<arguments>
<arg>//body/div[1]/form[1]/input[1]</arg>
<arg>Grocery</arg>
</arguments>
<msg timestamp="20210616 07:26:45.975" level="INFO">Typing text 'Grocery' into text field '//body/div[1]/form[1]/input[1]'.</msg>
<status status="PASS" starttime="20210616 07:26:45.974" endtime="20210616 07:26:52.110"></status>
</kw>
<kw name="Click Element" library="SeleniumLibrary">
<doc>Click the element identified by ``locator``.</doc>
<arguments>
<arg>//body/div[1]/form[1]/p[1]/input[1]</arg>
</arguments>
<msg timestamp="20210616 07:26:52.112" level="INFO">Clicking element '//body/div[1]/form[1]/p[1]/input[1]'.</msg>
<status status="PASS" starttime="20210616 07:26:52.111" endtime="20210616 07:26:56.212"></status>
</kw>
<kw name="Element Should Be Visible" library="SeleniumLibrary">
<doc>Verifies that the element identified by ``locator`` is visible.</doc>
<arguments>
<arg>//h1[contains(text(),'Grocery')]</arg>
</arguments>
<msg timestamp="20210616 07:27:00.245" level="INFO">Element '//h1[contains(text(),'Grocery')]' is displayed.</msg>
<status status="PASS" starttime="20210616 07:26:56.213" endtime="20210616 07:27:00.245"></status>
</kw>
<status status="PASS" starttime="20210616 07:26:37.829" endtime="20210616 07:27:00.246"></status>
</kw>
<kw name="Add Item to list">
<kw name="Input Text" library="SeleniumLibrary">
<doc>Types the given ``text`` into the text field identified by ``locator``.</doc>
<arguments>
<arg>//body/section[1]/div[1]/ul[1]/li[8]/form[1]/input[1]</arg>
<arg>Apple</arg>
</arguments>
<msg timestamp="20210616 07:27:00.251" level="INFO">Typing text 'Apple' into text field '//body/section[1]/div[1]/ul[1]/li[8]/form[1]/input[1]'.</msg>
<status status="PASS" starttime="20210616 07:27:00.250" endtime="20210616 07:27:06.356"></status>
</kw>
<kw name="Click Element" library="SeleniumLibrary">
<doc>Click the element identified by ``locator``.</doc>
<arguments>
<arg>//body/section[1]/div[1]/ul[1]/li[8]/form[1]/input[2]</arg>
</arguments>
<msg timestamp="20210616 07:27:06.358" level="INFO">Clicking element '//body/section[1]/div[1]/ul[1]/li[8]/form[1]/input[2]'.</msg>
<status status="PASS" starttime="20210616 07:27:06.357" endtime="20210616 07:27:10.429"></status>
</kw>
<status status="PASS" starttime="20210616 07:27:00.247" endtime="20210616 07:27:10.430"></status>
</kw>
<kw name="Delete item from list">
<kw name="Click Element" library="SeleniumLibrary">
<doc>Click the element identified by ``locator``.</doc>
<arguments>
<arg>//body/section[1]/div[1]/ul[1]/li[6]/div[2]</arg>
</arguments>
<msg timestamp="20210616 07:27:10.432" level="INFO">Clicking element '//body/section[1]/div[1]/ul[1]/li[6]/div[2]'.</msg>
<status status="PASS" starttime="20210616 07:27:10.432" endtime="20210616 07:27:14.502"></status>
</kw>
<status status="PASS" starttime="20210616 07:27:10.430" endtime="20210616 07:27:14.503"></status>
</kw>
<kw name="kill browser">
<kw name="Close Browser" library="SeleniumLibrary">
<doc>Closes the current browser.</doc>
<status status="PASS" starttime="20210616 07:27:14.505" endtime="20210616 07:27:16.608"></status>
</kw>
<status status="PASS" starttime="20210616 07:27:14.504" endtime="20210616 07:27:16.608"></status>
</kw>
<status status="PASS" starttime="20210616 07:26:28.345" endtime="20210616 07:27:16.609" critical="yes"></status>
</test>
<status status="PASS" starttime="20210616 07:26:28.108" endtime="20210616 07:27:16.614"></status>
</suite>
<status status="PASS" starttime="20210616 07:26:28.105" endtime="20210616 07:27:16.619"></status>
</suite>
<status status="PASS" starttime="20210616 07:26:28.076" endtime="20210616 07:27:16.622"></status>
</suite>
<statistics>
<total>
<stat pass="1" fail="0">Critical Tests</stat>
<stat pass="1" fail="0">All Tests</stat>
</total>
<tag>
</tag>
<suite>
<stat pass="1" fail="0" id="s1" name="Cybersmarttest">Cybersmarttest</stat>
<stat pass="1" fail="0" id="s1-s1" name="Workflows">Cybersmarttest.Workflows</stat>
<stat pass="1" fail="0" id="s1-s1-s1" name="Test Datshoppingtc1">Cybersmarttest.Workflows.Test Datshoppingtc1</stat>
</suite>
</statistics>
<errors>
</errors>
</robot>
